<?xml version="1.0" encoding="UTF-8"?>
<!-- Generated by org.testng.reporters.JUnitXMLReporter -->
<testsuite ignored="0" hostname="MaheshGHuddar" failures="0" tests="9" name="Test" time="50.988" errors="0" timestamp="2024-10-14T23:31:56 IST">
  <testcase classname="testcase.T001_logintest" name="logincheck" time="1.551"/>
  <testcase classname="testcase.T001_logintest" name="logincheck" time="1.505"/>
  <testcase classname="testcase.T002_Dashboard" name="dashborad" time="2.006"/>
  <testcase classname="testcase.T001_logintest" name="logincheck" time="1.931"/>
  <testcase classname="testcase.T003_students" name="student" time="4.711"/>
  <testcase classname="testcase.T001_logintest" name="logincheck" time="1.707"/>
  <testcase classname="testcase.T004_personal" name="personal" time="4.393"/>
  <testcase classname="testcase.T001_logintest" name="logincheck" time="1.948"/>
  <testcase classname="testcase.T005_exam" name="exam" time="2.454"/>
</testsuite> <!-- Test -->
