<?xml version="1.0" encoding="UTF-8"?>
<testng-results ignored="0" total="9" passed="9" failed="0" skipped="0">
  <reporter-output>
  </reporter-output>
  <suite started-at="2024-10-14T23:31:05 IST" name="Suite1" finished-at="2024-10-14T23:31:56 IST" duration-ms="50988">
    <groups>
    </groups>
    <test started-at="2024-10-14T23:31:05 IST" name="Test" finished-at="2024-10-14T23:31:56 IST" duration-ms="50988">
      <class name="testcase.T003_students">
        <test-method is-config="true" signature="setDriver()[pri:0, instance:testcase.T003_students@2a65bb85]" started-at="2024-10-14T23:31:26 IST" name="setDriver" finished-at="2024-10-14T23:31:30 IST" duration-ms="4283" status="PASS">
          <reporter-output>
          </reporter-output>
        </test-method> <!-- setDriver -->
        <test-method signature="logincheck()[pri:0, instance:testcase.T003_students@2a65bb85]" started-at="2024-10-14T23:31:30 IST" name="logincheck" finished-at="2024-10-14T23:31:32 IST" duration-ms="1931" status="PASS">
          <reporter-output>
          </reporter-output>
        </test-method> <!-- logincheck -->
        <test-method signature="student()[pri:0, instance:testcase.T003_students@2a65bb85]" started-at="2024-10-14T23:31:32 IST" name="student" finished-at="2024-10-14T23:31:37 IST" duration-ms="4711" status="PASS">
          <reporter-output>
          </reporter-output>
        </test-method> <!-- student -->
        <test-method is-config="true" signature="close()[pri:0, instance:testcase.T003_students@2a65bb85]" started-at="2024-10-14T23:31:37 IST" name="close" finished-at="2024-10-14T23:31:37 IST" duration-ms="106" status="PASS">
          <reporter-output>
          </reporter-output>
        </test-method> <!-- close -->
      </class> <!-- testcase.T003_students -->
      <class name="testcase.T002_Dashboard">
        <test-method is-config="true" signature="setDriver()[pri:0, instance:testcase.T002_Dashboard@78aea4b9]" started-at="2024-10-14T23:31:17 IST" name="setDriver" finished-at="2024-10-14T23:31:22 IST" duration-ms="4722" status="PASS">
          <reporter-output>
          </reporter-output>
        </test-method> <!-- setDriver -->
        <test-method signature="logincheck()[pri:0, instance:testcase.T002_Dashboard@78aea4b9]" started-at="2024-10-14T23:31:22 IST" name="logincheck" finished-at="2024-10-14T23:31:24 IST" duration-ms="1505" status="PASS">
          <reporter-output>
          </reporter-output>
        </test-method> <!-- logincheck -->
        <test-method signature="dashborad()[pri:0, instance:testcase.T002_Dashboard@78aea4b9]" started-at="2024-10-14T23:31:24 IST" name="dashborad" finished-at="2024-10-14T23:31:26 IST" duration-ms="2006" status="PASS">
          <reporter-output>
          </reporter-output>
        </test-method> <!-- dashborad -->
        <test-method is-config="true" signature="close()[pri:0, instance:testcase.T002_Dashboard@78aea4b9]" started-at="2024-10-14T23:31:26 IST" name="close" finished-at="2024-10-14T23:31:26 IST" duration-ms="145" status="PASS">
          <reporter-output>
          </reporter-output>
        </test-method> <!-- close -->
      </class> <!-- testcase.T002_Dashboard -->
      <class name="testcase.T005_exam">
        <test-method is-config="true" signature="setDriver()[pri:0, instance:testcase.T005_exam@4f936da8]" started-at="2024-10-14T23:31:47 IST" name="setDriver" finished-at="2024-10-14T23:31:52 IST" duration-ms="4264" status="PASS">
          <reporter-output>
          </reporter-output>
        </test-method> <!-- setDriver -->
        <test-method signature="logincheck()[pri:0, instance:testcase.T005_exam@4f936da8]" started-at="2024-10-14T23:31:52 IST" name="logincheck" finished-at="2024-10-14T23:31:53 IST" duration-ms="1948" status="PASS">
          <reporter-output>
          </reporter-output>
        </test-method> <!-- logincheck -->
        <test-method signature="exam()[pri:0, instance:testcase.T005_exam@4f936da8]" started-at="2024-10-14T23:31:54 IST" name="exam" finished-at="2024-10-14T23:31:56 IST" duration-ms="2454" status="PASS">
          <reporter-output>
          </reporter-output>
        </test-method> <!-- exam -->
        <test-method is-config="true" signature="close()[pri:0, instance:testcase.T005_exam@4f936da8]" started-at="2024-10-14T23:31:56 IST" name="close" finished-at="2024-10-14T23:31:56 IST" duration-ms="134" status="PASS">
          <reporter-output>
          </reporter-output>
        </test-method> <!-- close -->
      </class> <!-- testcase.T005_exam -->
      <class name="testcase.T004_personal">
        <test-method is-config="true" signature="setDriver()[pri:0, instance:testcase.T004_personal@4b85880b]" started-at="2024-10-14T23:31:37 IST" name="setDriver" finished-at="2024-10-14T23:31:41 IST" duration-ms="4222" status="PASS">
          <reporter-output>
          </reporter-output>
        </test-method> <!-- setDriver -->
        <test-method signature="logincheck()[pri:0, instance:testcase.T004_personal@4b85880b]" started-at="2024-10-14T23:31:41 IST" name="logincheck" finished-at="2024-10-14T23:31:43 IST" duration-ms="1707" status="PASS">
          <reporter-output>
          </reporter-output>
        </test-method> <!-- logincheck -->
        <test-method signature="personal()[pri:0, instance:testcase.T004_personal@4b85880b]" started-at="2024-10-14T23:31:43 IST" name="personal" finished-at="2024-10-14T23:31:47 IST" duration-ms="4393" status="PASS">
          <reporter-output>
          </reporter-output>
        </test-method> <!-- personal -->
        <test-method is-config="true" signature="close()[pri:0, instance:testcase.T004_personal@4b85880b]" started-at="2024-10-14T23:31:47 IST" name="close" finished-at="2024-10-14T23:31:47 IST" duration-ms="107" status="PASS">
          <reporter-output>
          </reporter-output>
        </test-method> <!-- close -->
      </class> <!-- testcase.T004_personal -->
      <class name="testcase.T001_logintest">
        <test-method is-config="true" signature="setDriver()[pri:0, instance:testcase.T001_logintest@52500920]" started-at="2024-10-14T23:31:05 IST" name="setDriver" finished-at="2024-10-14T23:31:16 IST" duration-ms="10100" status="PASS">
          <reporter-output>
          </reporter-output>
        </test-method> <!-- setDriver -->
        <test-method signature="logincheck()[pri:0, instance:testcase.T001_logintest@52500920]" started-at="2024-10-14T23:31:16 IST" name="logincheck" finished-at="2024-10-14T23:31:17 IST" duration-ms="1551" status="PASS">
          <reporter-output>
          </reporter-output>
        </test-method> <!-- logincheck -->
        <test-method is-config="true" signature="close()[pri:0, instance:testcase.T001_logintest@52500920]" started-at="2024-10-14T23:31:17 IST" name="close" finished-at="2024-10-14T23:31:17 IST" duration-ms="68" status="PASS">
          <reporter-output>
          </reporter-output>
        </test-method> <!-- close -->
      </class> <!-- testcase.T001_logintest -->
    </test> <!-- Test -->
  </suite> <!-- Suite1 -->
</testng-results>
